  main.cpp
C:\Users\admin\source\repos\motomoto-cpp\motomoto-cpp\meme.h(22): warning C4566: character represented by universal-character-name '\u0361' cannot be represented in the current code page (1252)
C:\Users\admin\source\repos\motomoto-cpp\motomoto-cpp\meme.h(22): warning C4566: character represented by universal-character-name '\u035C' cannot be represented in the current code page (1252)
C:\Users\admin\source\repos\motomoto-cpp\motomoto-cpp\meme.h(22): warning C4566: character represented by universal-character-name '\u0296' cannot be represented in the current code page (1252)
C:\Users\admin\source\repos\motomoto-cpp\motomoto-cpp\meme.h(22): warning C4566: character represented by universal-character-name '\u256D' cannot be represented in the current code page (1252)
C:\Users\admin\source\repos\motomoto-cpp\motomoto-cpp\meme.h(22): warning C4566: character represented by universal-character-name '\u2229' cannot be represented in the current code page (1252)
C:\Users\admin\source\repos\motomoto-cpp\motomoto-cpp\meme.h(22): warning C4566: character represented by universal-character-name '\u256E' cannot be represented in the current code page (1252)
C:\Users\admin\source\repos\motomoto-cpp\motomoto-cpp\meme.h(22): warning C4566: character represented by universal-character-name '\u0505' cannot be represented in the current code page (1252)
C:\Users\admin\source\repos\motomoto-cpp\motomoto-cpp\meme.h(22): warning C4566: character represented by universal-character-name '\u2256' cannot be represented in the current code page (1252)
C:\Users\admin\source\repos\motomoto-cpp\motomoto-cpp\meme.h(22): warning C4566: character represented by universal-character-name '\u2323' cannot be represented in the current code page (1252)
C:\Users\admin\source\repos\motomoto-cpp\motomoto-cpp\meme.h(22): warning C4566: character represented by universal-character-name '\u203F' cannot be represented in the current code page (1252)
C:\Users\admin\source\repos\motomoto-cpp\motomoto-cpp\meme.h(22): warning C4566: character represented by universal-character-name '\u0301' cannot be represented in the current code page (1252)
C:\Users\admin\source\repos\motomoto-cpp\motomoto-cpp\meme.h(22): warning C4566: character represented by universal-character-name '\u03B5' cannot be represented in the current code page (1252)
C:\Users\admin\source\repos\motomoto-cpp\motomoto-cpp\meme.h(22): warning C4566: character represented by universal-character-name '\u0300' cannot be represented in the current code page (1252)
C:\Users\admin\source\repos\motomoto-cpp\motomoto-cpp\meme.h(22): warning C4566: character represented by universal-character-name '\u0665' cannot be represented in the current code page (1252)
C:\Users\admin\source\repos\motomoto-cpp\motomoto-cpp\meme.h(22): warning C4566: character represented by universal-character-name '\u0360' cannot be represented in the current code page (1252)
C:\Users\admin\source\repos\motomoto-cpp\motomoto-cpp\meme.h(22): warning C4566: character represented by universal-character-name '\uFF40' cannot be represented in the current code page (1252)
C:\Users\admin\source\repos\motomoto-cpp\motomoto-cpp\meme.h(22): warning C4566: character represented by universal-character-name '\u25CF' cannot be represented in the current code page (1252)
C:\Users\admin\source\repos\motomoto-cpp\motomoto-cpp\meme.h(22): warning C4566: character represented by universal-character-name '\u3145' cannot be represented in the current code page (1252)
C:\Users\admin\source\repos\motomoto-cpp\motomoto-cpp\meme.h(23): warning C4566: character represented by universal-character-name '\u1564' cannot be represented in the current code page (1252)
C:\Users\admin\source\repos\motomoto-cpp\motomoto-cpp\meme.h(23): warning C4566: character represented by universal-character-name '\u0361' cannot be represented in the current code page (1252)
C:\Users\admin\source\repos\motomoto-cpp\motomoto-cpp\meme.h(23): warning C4566: character represented by universal-character-name '\u035C' cannot be represented in the current code page (1252)
C:\Users\admin\source\repos\motomoto-cpp\motomoto-cpp\meme.h(23): warning C4566: character represented by universal-character-name '\u0296' cannot be represented in the current code page (1252)
C:\Users\admin\source\repos\motomoto-cpp\motomoto-cpp\meme.h(23): warning C4566: character represented by universal-character-name '\u0360' cannot be represented in the current code page (1252)
C:\Users\admin\source\repos\motomoto-cpp\motomoto-cpp\meme.h(23): warning C4566: character represented by universal-character-name '\u035F' cannot be represented in the current code page (1252)
C:\Users\admin\source\repos\motomoto-cpp\motomoto-cpp\meme.h(23): warning C4566: character represented by universal-character-name '\u1D54' cannot be represented in the current code page (1252)
C:\Users\admin\source\repos\motomoto-cpp\motomoto-cpp\meme.h(23): warning C4566: character represented by universal-character-name '\u256F' cannot be represented in the current code page (1252)
C:\Users\admin\source\repos\motomoto-cpp\motomoto-cpp\meme.h(23): warning C4566: character represented by universal-character-name '\u253B' cannot be represented in the current code page (1252)
C:\Users\admin\source\repos\motomoto-cpp\motomoto-cpp\meme.h(23): warning C4566: character represented by universal-character-name '\u2501' cannot be represented in the current code page (1252)
C:\Users\admin\source\repos\motomoto-cpp\motomoto-cpp\meme.h(23): warning C4566: character represented by universal-character-name '\uFF61' cannot be represented in the current code page (1252)
C:\Users\admin\source\repos\motomoto-cpp\motomoto-cpp\meme.h(23): warning C4566: character represented by universal-character-name '\uFF9F' cannot be represented in the current code page (1252)
C:\Users\admin\source\repos\motomoto-cpp\motomoto-cpp\meme.h(23): warning C4566: character represented by universal-character-name '\u3063' cannot be represented in the current code page (1252)
C:\Users\admin\source\repos\motomoto-cpp\motomoto-cpp\meme.h(23): warning C4566: character represented by universal-character-name '\u141B' cannot be represented in the current code page (1252)
C:\Users\admin\source\repos\motomoto-cpp\motomoto-cpp\meme.h(23): warning C4566: character represented by universal-character-name '\u2702' cannot be represented in the current code page (1252)
C:\Users\admin\source\repos\motomoto-cpp\motomoto-cpp\meme.h(23): warning C4566: character represented by universal-character-name '\u2570' cannot be represented in the current code page (1252)
C:\Users\admin\source\repos\motomoto-cpp\motomoto-cpp\meme.h(23): warning C4566: character represented by universal-character-name '\u22C3' cannot be represented in the current code page (1252)
C:\Users\admin\source\repos\motomoto-cpp\motomoto-cpp\meme.h(23): warning C4566: character represented by universal-character-name '\u0298' cannot be represented in the current code page (1252)
C:\Users\admin\source\repos\motomoto-cpp\motomoto-cpp\meme.h(24): warning C4566: character represented by universal-character-name '\u0361' cannot be represented in the current code page (1252)
C:\Users\admin\source\repos\motomoto-cpp\motomoto-cpp\meme.h(24): warning C4566: character represented by universal-character-name '\u035C' cannot be represented in the current code page (1252)
C:\Users\admin\source\repos\motomoto-cpp\motomoto-cpp\meme.h(24): warning C4566: character represented by universal-character-name '\u0296' cannot be represented in the current code page (1252)
C:\Users\admin\source\repos\motomoto-cpp\motomoto-cpp\meme.h(24): warning C4566: character represented by universal-character-name '\u0CA0' cannot be represented in the current code page (1252)
C:\Users\admin\source\repos\motomoto-cpp\motomoto-cpp\meme.h(24): warning C4566: character represented by universal-character-name '\u0E07' cannot be represented in the current code page (1252)
C:\Users\admin\source\repos\motomoto-cpp\motomoto-cpp\meme.h(24): warning C4566: character represented by universal-character-name '\u0298' cannot be represented in the current code page (1252)
C:\Users\admin\source\repos\motomoto-cpp\motomoto-cpp\meme.h(24): warning C4566: character represented by universal-character-name '\u0360' cannot be represented in the current code page (1252)
C:\Users\admin\source\repos\motomoto-cpp\motomoto-cpp\meme.h(24): warning C4566: character represented by universal-character-name '\u035F' cannot be represented in the current code page (1252)
C:\Users\admin\source\repos\motomoto-cpp\motomoto-cpp\meme.h(24): warning C4566: character represented by universal-character-name '\u0644' cannot be represented in the current code page (1252)
C:\Users\admin\source\repos\motomoto-cpp\motomoto-cpp\meme.h(24): warning C4566: character represented by universal-character-name '\u2256' cannot be represented in the current code page (1252)
C:\Users\admin\source\repos\motomoto-cpp\motomoto-cpp\meme.h(24): warning C4566: character represented by universal-character-name '\u032F' cannot be represented in the current code page (1252)
C:\Users\admin\source\repos\motomoto-cpp\motomoto-cpp\meme.h(24): warning C4566: character represented by universal-character-name '\u1D17' cannot be represented in the current code page (1252)
C:\Users\admin\source\repos\motomoto-cpp\motomoto-cpp\meme.h(24): warning C4566: character represented by universal-character-name '\u25BC' cannot be represented in the current code page (1252)
C:\Users\admin\source\repos\motomoto-cpp\motomoto-cpp\meme.h(24): warning C4566: character represented by universal-character-name '\u76CA' cannot be represented in the current code page (1252)
C:\Users\admin\source\repos\motomoto-cpp\motomoto-cpp\meme.h(24): warning C4566: character represented by universal-character-name '\u256D' cannot be represented in the current code page (1252)
C:\Users\admin\source\repos\motomoto-cpp\motomoto-cpp\meme.h(24): warning C4566: character represented by universal-character-name '\u256E' cannot be represented in the current code page (1252)
C:\Users\admin\source\repos\motomoto-cpp\motomoto-cpp\meme.h(25): warning C4566: character represented by universal-character-name '\uFF40' cannot be represented in the current code page (1252)
C:\Users\admin\source\repos\motomoto-cpp\motomoto-cpp\meme.h(25): warning C4566: character represented by universal-character-name '\u2200' cannot be represented in the current code page (1252)
C:\Users\admin\source\repos\motomoto-cpp\motomoto-cpp\meme.h(25): warning C4566: character represented by universal-character-name '\u03A8' cannot be represented in the current code page (1252)
C:\Users\admin\source\repos\motomoto-cpp\motomoto-cpp\meme.h(25): warning C4129: '_': unrecognized character escape sequence
C:\Users\admin\source\repos\motomoto-cpp\motomoto-cpp\meme.h(25): warning C4566: character represented by universal-character-name '\u0361' cannot be represented in the current code page (1252)
C:\Users\admin\source\repos\motomoto-cpp\motomoto-cpp\meme.h(25): warning C4566: character represented by universal-character-name '\u035C' cannot be represented in the current code page (1252)
C:\Users\admin\source\repos\motomoto-cpp\motomoto-cpp\meme.h(25): warning C4566: character represented by universal-character-name '\u0296' cannot be represented in the current code page (1252)
C:\Users\admin\source\repos\motomoto-cpp\motomoto-cpp\meme.h(25): warning C4566: character represented by universal-character-name '\u30C4' cannot be represented in the current code page (1252)
C:\Users\admin\source\repos\motomoto-cpp\motomoto-cpp\meme.h(25): warning C4566: character represented by universal-character-name '\u2727' cannot be represented in the current code page (1252)
C:\Users\admin\source\repos\motomoto-cpp\motomoto-cpp\meme.h(25): warning C4566: character represented by universal-character-name '\u2256' cannot be represented in the current code page (1252)
C:\Users\admin\source\repos\motomoto-cpp\motomoto-cpp\meme.h(25): warning C4566: character represented by universal-character-name '\u273F' cannot be represented in the current code page (1252)
C:\Users\admin\source\repos\motomoto-cpp\motomoto-cpp\meme.h(25): warning C4566: character represented by universal-character-name '\u2766' cannot be represented in the current code page (1252)
C:\Users\admin\source\repos\motomoto-cpp\motomoto-cpp\meme.h(25): warning C4566: character represented by universal-character-name '\u3064' cannot be represented in the current code page (1252)
C:\Users\admin\source\repos\motomoto-cpp\motomoto-cpp\meme.h(25): warning C4566: character represented by universal-character-name '\u261E' cannot be represented in the current code page (1252)
C:\Users\admin\source\repos\motomoto-cpp\motomoto-cpp\meme.h(26): warning C4566: character represented by universal-character-name '\u1566' cannot be represented in the current code page (1252)
C:\Users\admin\source\repos\motomoto-cpp\motomoto-cpp\meme.h(26): warning C4566: character represented by universal-character-name '\u0361' cannot be represented in the current code page (1252)
C:\Users\admin\source\repos\motomoto-cpp\motomoto-cpp\meme.h(26): warning C4566: character represented by universal-character-name '\u035C' cannot be represented in the current code page (1252)
C:\Users\admin\source\repos\motomoto-cpp\motomoto-cpp\meme.h(26): warning C4566: character represented by universal-character-name '\u0296' cannot be represented in the current code page (1252)
C:\Users\admin\source\repos\motomoto-cpp\motomoto-cpp\meme.h(26): warning C4566: character represented by universal-character-name '\u1564' cannot be represented in the current code page (1252)
C:\Users\admin\source\repos\motomoto-cpp\motomoto-cpp\meme.h(26): warning C4566: character represented by universal-character-name '\u0669' cannot be represented in the current code page (1252)
C:\Users\admin\source\repos\motomoto-cpp\motomoto-cpp\meme.h(26): warning C4566: character represented by universal-character-name '\u1D17' cannot be represented in the current code page (1252)
C:\Users\admin\source\repos\motomoto-cpp\motomoto-cpp\meme.h(26): warning C4566: character represented by universal-character-name '\u06F6' cannot be represented in the current code page (1252)
C:\Users\admin\source\repos\motomoto-cpp\motomoto-cpp\meme.h(26): warning C4566: character represented by universal-character-name '\u1555' cannot be represented in the current code page (1252)
C:\Users\admin\source\repos\motomoto-cpp\motomoto-cpp\meme.h(26): warning C4566: character represented by universal-character-name '\u1557' cannot be represented in the current code page (1252)
C:\Users\admin\source\repos\motomoto-cpp\motomoto-cpp\meme.h(26): warning C4566: character represented by universal-character-name '\u261D' cannot be represented in the current code page (1252)
C:\Users\admin\source\repos\motomoto-cpp\motomoto-cpp\meme.h(26): warning C4566: character represented by universal-character-name '\u25DE' cannot be represented in the current code page (1252)
C:\Users\admin\source\repos\motomoto-cpp\motomoto-cpp\meme.h(26): warning C4566: character represented by universal-character-name '\u2038' cannot be represented in the current code page (1252)
C:\Users\admin\source\repos\motomoto-cpp\motomoto-cpp\meme.h(26): warning C4566: character represented by universal-character-name '\u25DF' cannot be represented in the current code page (1252)
C:\Users\admin\source\repos\motomoto-cpp\motomoto-cpp\meme.h(26): warning C4566: character represented by universal-character-name '\u261E' cannot be represented in the current code page (1252)
C:\Users\admin\source\repos\motomoto-cpp\motomoto-cpp\meme.h(26): warning C4566: character represented by universal-character-name '\u141B' cannot be represented in the current code page (1252)
C:\Users\admin\source\repos\motomoto-cpp\motomoto-cpp\meme.h(26): warning C4566: character represented by universal-character-name '\u0F40' cannot be represented in the current code page (1252)
C:\Users\admin\source\repos\motomoto-cpp\motomoto-cpp\meme.h(26): warning C4566: character represented by universal-character-name '\u032F' cannot be represented in the current code page (1252)
C:\Users\admin\source\repos\motomoto-cpp\motomoto-cpp\meme.h(26): warning C4566: character represented by universal-character-name '\u1559' cannot be represented in the current code page (1252)
C:\Users\admin\source\repos\motomoto-cpp\motomoto-cpp\meme.h(26): warning C4566: character represented by universal-character-name '\u2580' cannot be represented in the current code page (1252)
C:\Users\admin\source\repos\motomoto-cpp\motomoto-cpp\meme.h(26): warning C4566: character represented by universal-character-name '\u033F' cannot be represented in the current code page (1252)
C:\Users\admin\source\repos\motomoto-cpp\motomoto-cpp\meme.h(26): warning C4566: character represented by universal-character-name '\u0139' cannot be represented in the current code page (1252)
C:\Users\admin\source\repos\motomoto-cpp\motomoto-cpp\meme.h(26): warning C4566: character represented by universal-character-name '\u10DA' cannot be represented in the current code page (1252)
C:\Users\admin\source\repos\motomoto-cpp\motomoto-cpp\meme.h(26): warning C4566: character represented by universal-character-name '\u06A1' cannot be represented in the current code page (1252)
C:\Users\admin\source\repos\motomoto-cpp\motomoto-cpp\meme.h(27): warning C4566: character represented by universal-character-name '\u256C' cannot be represented in the current code page (1252)
C:\Users\admin\source\repos\motomoto-cpp\motomoto-cpp\meme.h(27): warning C4566: character represented by universal-character-name '\u0CA0' cannot be represented in the current code page (1252)
C:\Users\admin\source\repos\motomoto-cpp\motomoto-cpp\meme.h(27): warning C4566: character represented by universal-character-name '\u76CA' cannot be represented in the current code page (1252)
C:\Users\admin\source\repos\motomoto-cpp\motomoto-cpp\meme.h(27): warning C4566: character represented by universal-character-name '\uFE4F' cannot be represented in the current code page (1252)
C:\Users\admin\source\repos\motomoto-cpp\motomoto-cpp\meme.h(27): warning C4566: character represented by universal-character-name '\uFF61' cannot be represented in the current code page (1252)
C:\Users\admin\source\repos\motomoto-cpp\motomoto-cpp\meme.h(27): warning C4566: character represented by universal-character-name '\uFF65' cannot be represented in the current code page (1252)
C:\Users\admin\source\repos\motomoto-cpp\motomoto-cpp\meme.h(27): warning C4566: character represented by universal-character-name '\u51F8' cannot be represented in the current code page (1252)
C:\Users\admin\source\repos\motomoto-cpp\motomoto-cpp\meme.h(27): warning C4566: character represented by universal-character-name '\u0300' cannot be represented in the current code page (1252)
C:\Users\admin\source\repos\motomoto-cpp\motomoto-cpp\meme.h(27): warning C4566: character represented by universal-character-name '\u0301' cannot be represented in the current code page (1252)
C:\Users\admin\source\repos\motomoto-cpp\motomoto-cpp\meme.h(27): warning C4566: character represented by universal-character-name '\u203E' cannot be represented in the current code page (1252)
C:\Users\admin\source\repos\motomoto-cpp\motomoto-cpp\meme.h(27): warning C4566: character represented by universal-character-name '\u0296' cannot be represented in the current code page (1252)
C:\Users\admin\source\repos\motomoto-cpp\motomoto-cpp\meme.h(27): warning C4566: character represented by universal-character-name '\u032B' cannot be represented in the current code page (1252)
C:\Users\admin\source\repos\motomoto-cpp\motomoto-cpp\meme.h(27): warning C4566: character represented by universal-character-name '\u270C' cannot be represented in the current code page (1252)
C:\Users\admin\source\repos\motomoto-cpp\motomoto-cpp\meme.h(27): warning C4566: character represented by universal-character-name '\u0361' cannot be represented in the current code page (1252)
C:\Users\admin\source\repos\motomoto-cpp\motomoto-cpp\meme.h(27): warning C4566: character represented by universal-character-name '\u02D8' cannot be represented in the current code page (1252)
C:\Users\admin\source\repos\motomoto-cpp\motomoto-cpp\meme.h(27): warning C4566: character represented by universal-character-name '\u203F' cannot be represented in the current code page (1252)
C:\Users\admin\source\repos\motomoto-cpp\motomoto-cpp\meme.h(27): warning C4566: character represented by universal-character-name '\u0360' cannot be represented in the current code page (1252)
C:\Users\admin\source\repos\motomoto-cpp\motomoto-cpp\meme.h(27): warning C4566: character represented by universal-character-name '\u2256' cannot be represented in the current code page (1252)
C:\Users\admin\source\repos\motomoto-cpp\motomoto-cpp\meme.h(27): warning C4566: character represented by universal-character-name '\u035C' cannot be represented in the current code page (1252)
C:\Users\admin\source\repos\motomoto-cpp\motomoto-cpp\meme.h(27): warning C4566: character represented by universal-character-name '\u032F' cannot be represented in the current code page (1252)
C:\Users\admin\source\repos\motomoto-cpp\motomoto-cpp\meme.h(28): warning C4566: character represented by universal-character-name '\u0295' cannot be represented in the current code page (1252)
C:\Users\admin\source\repos\motomoto-cpp\motomoto-cpp\meme.h(28): warning C4566: character represented by universal-character-name '\u0361' cannot be represented in the current code page (1252)
C:\Users\admin\source\repos\motomoto-cpp\motomoto-cpp\meme.h(28): warning C4566: character represented by universal-character-name '\u0296' cannot be represented in the current code page (1252)
C:\Users\admin\source\repos\motomoto-cpp\motomoto-cpp\meme.h(28): warning C4566: character represented by universal-character-name '\u032F' cannot be represented in the current code page (1252)
C:\Users\admin\source\repos\motomoto-cpp\motomoto-cpp\meme.h(28): warning C4566: character represented by universal-character-name '\u0294' cannot be represented in the current code page (1252)
C:\Users\admin\source\repos\motomoto-cpp\motomoto-cpp\meme.h(28): warning C4566: character represented by universal-character-name '\u250C' cannot be represented in the current code page (1252)
C:\Users\admin\source\repos\motomoto-cpp\motomoto-cpp\meme.h(28): warning C4566: character represented by universal-character-name '\u041F' cannot be represented in the current code page (1252)
C:\Users\admin\source\repos\motomoto-cpp\motomoto-cpp\meme.h(28): warning C4566: character represented by universal-character-name '\u2510' cannot be represented in the current code page (1252)
C:\Users\admin\source\repos\motomoto-cpp\motomoto-cpp\meme.h(28): warning C4566: character represented by universal-character-name '\u25BA' cannot be represented in the current code page (1252)
C:\Users\admin\source\repos\motomoto-cpp\motomoto-cpp\meme.h(28): warning C4566: character represented by universal-character-name '\u02DB' cannot be represented in the current code page (1252)
C:\Users\admin\source\repos\motomoto-cpp\motomoto-cpp\meme.h(28): warning C4566: character represented by universal-character-name '\u25C4' cannot be represented in the current code page (1252)
C:\Users\admin\source\repos\motomoto-cpp\motomoto-cpp\meme.h(28): warning C4566: character represented by universal-character-name '\u30FD' cannot be represented in the current code page (1252)
C:\Users\admin\source\repos\motomoto-cpp\motomoto-cpp\meme.h(28): warning C4566: character represented by universal-character-name '\uFF9F' cannot be represented in the current code page (1252)
C:\Users\admin\source\repos\motomoto-cpp\motomoto-cpp\meme.h(28): warning C4566: character represented by universal-character-name '\u0414' cannot be represented in the current code page (1252)
C:\Users\admin\source\repos\motomoto-cpp\motomoto-cpp\meme.h(28): warning C4566: character represented by universal-character-name '\uFF89' cannot be represented in the current code page (1252)
C:\Users\admin\source\repos\motomoto-cpp\motomoto-cpp\meme.h(28): warning C4566: character represented by universal-character-name '\u252C' cannot be represented in the current code page (1252)
C:\Users\admin\source\repos\motomoto-cpp\motomoto-cpp\meme.h(28): warning C4566: character represented by universal-character-name '\u2534' cannot be represented in the current code page (1252)
C:\Users\admin\source\repos\motomoto-cpp\motomoto-cpp\meme.h(28): warning C4566: character represented by universal-character-name '\u2524' cannot be represented in the current code page (1252)
C:\Users\admin\source\repos\motomoto-cpp\motomoto-cpp\meme.h(28): warning C4566: character represented by universal-character-name '\u2686' cannot be represented in the current code page (1252)
C:\Users\admin\source\repos\motomoto-cpp\motomoto-cpp\meme.h(28): warning C4566: character represented by universal-character-name '\u0644' cannot be represented in the current code page (1252)
C:\Users\admin\source\repos\motomoto-cpp\motomoto-cpp\meme.h(28): warning C4566: character represented by universal-character-name '\u035C' cannot be represented in the current code page (1252)
C:\Users\admin\source\repos\motomoto-cpp\motomoto-cpp\meme.h(28): warning C4566: character represented by universal-character-name '\u251C' cannot be represented in the current code page (1252)
C:\Users\admin\source\repos\motomoto-cpp\motomoto-cpp\meme.h(28): warning C4566: character represented by universal-character-name '\u0F40' cannot be represented in the current code page (1252)
C:\Users\admin\source\repos\motomoto-cpp\motomoto-cpp\meme.h(28): warning C4566: character represented by universal-character-name '\u0CA0' cannot be represented in the current code page (1252)
C:\Users\admin\source\repos\motomoto-cpp\motomoto-cpp\meme.h(28): warning C4566: character represented by universal-character-name '\u256D' cannot be represented in the current code page (1252)
C:\Users\admin\source\repos\motomoto-cpp\motomoto-cpp\meme.h(28): warning C4566: character represented by universal-character-name '\u256E' cannot be represented in the current code page (1252)
C:\Users\admin\source\repos\motomoto-cpp\motomoto-cpp\meme.h(28): warning C4566: character represented by universal-character-name '\u15D2' cannot be represented in the current code page (1252)
C:\Users\admin\source\repos\motomoto-cpp\motomoto-cpp\meme.h(28): warning C4566: character represented by universal-character-name '\u15E3' cannot be represented in the current code page (1252)
C:\Users\admin\source\repos\motomoto-cpp\motomoto-cpp\meme.h(28): warning C4566: character represented by universal-character-name '\u15D5' cannot be represented in the current code page (1252)
C:\Users\admin\source\repos\motomoto-cpp\motomoto-cpp\meme.h(28): warning C4566: character represented by universal-character-name '\u055E' cannot be represented in the current code page (1252)
C:\Users\admin\source\repos\motomoto-cpp\motomoto-cpp\meme.h(28): warning C4566: character represented by universal-character-name '\u0CA5' cannot be represented in the current code page (1252)
C:\Users\admin\source\repos\motomoto-cpp\motomoto-cpp\meme.h(28): warning C4566: character represented by universal-character-name '\u51F8' cannot be represented in the current code page (1252)
C:\Users\admin\source\repos\motomoto-cpp\motomoto-cpp\meme.h(28): warning C4566: character represented by universal-character-name '\u0F3C' cannot be represented in the current code page (1252)
C:\Users\admin\source\repos\motomoto-cpp\motomoto-cpp\meme.h(28): warning C4566: character represented by universal-character-name '\u0E88' cannot be represented in the current code page (1252)
C:\Users\admin\source\repos\motomoto-cpp\motomoto-cpp\meme.h(28): warning C4566: character represented by universal-character-name '\u0F3D' cannot be represented in the current code page (1252)
C:\Users\admin\source\repos\motomoto-cpp\motomoto-cpp\meme.h(29): warning C4566: character represented by universal-character-name '\u027F' cannot be represented in the current code page (1252)
C:\Users\admin\source\repos\motomoto-cpp\motomoto-cpp\meme.h(29): warning C4566: character represented by universal-character-name '\uFF61' cannot be represented in the current code page (1252)
C:\Users\admin\source\repos\motomoto-cpp\motomoto-cpp\meme.h(29): warning C4566: character represented by universal-character-name '\uFF65' cannot be represented in the current code page (1252)
C:\Users\admin\source\repos\motomoto-cpp\motomoto-cpp\meme.h(29): warning C4566: character represented by universal-character-name '\u025C' cannot be represented in the current code page (1252)
C:\Users\admin\source\repos\motomoto-cpp\motomoto-cpp\meme.h(29): warning C4566: character represented by universal-character-name '\u027E' cannot be represented in the current code page (1252)
C:\Users\admin\source\repos\motomoto-cpp\motomoto-cpp\meme.h(29): warning C4566: character represented by universal-character-name '\u24CC' cannot be represented in the current code page (1252)
C:\Users\admin\source\repos\motomoto-cpp\motomoto-cpp\meme.h(29): warning C4566: character represented by universal-character-name '\u24D7' cannot be represented in the current code page (1252)
C:\Users\admin\source\repos\motomoto-cpp\motomoto-cpp\meme.h(29): warning C4566: character represented by universal-character-name '\u24E8' cannot be represented in the current code page (1252)
C:\Users\admin\source\repos\motomoto-cpp\motomoto-cpp\meme.h(29): warning C4566: character represented by universal-character-name '\u24D0' cannot be represented in the current code page (1252)
C:\Users\admin\source\repos\motomoto-cpp\motomoto-cpp\meme.h(29): warning C4566: character represented by universal-character-name '\u24E3' cannot be represented in the current code page (1252)
C:\Users\admin\source\repos\motomoto-cpp\motomoto-cpp\meme.h(29): warning C4566: character represented by universal-character-name '\uFF1F' cannot be represented in the current code page (1252)
C:\Users\admin\source\repos\motomoto-cpp\motomoto-cpp\meme.h(29): warning C4566: character represented by universal-character-name '\u0449' cannot be represented in the current code page (1252)
C:\Users\admin\source\repos\motomoto-cpp\motomoto-cpp\meme.h(29): warning C4566: character represented by universal-character-name '\uFF08' cannot be represented in the current code page (1252)
C:\Users\admin\source\repos\motomoto-cpp\motomoto-cpp\meme.h(29): warning C4566: character represented by universal-character-name '\uFF9F' cannot be represented in the current code page (1252)
C:\Users\admin\source\repos\motomoto-cpp\motomoto-cpp\meme.h(29): warning C4566: character represented by universal-character-name '\u0414' cannot be represented in the current code page (1252)
C:\Users\admin\source\repos\motomoto-cpp\motomoto-cpp\meme.h(29): warning C4566: character represented by universal-character-name '\uFF09' cannot be represented in the current code page (1252)
C:\Users\admin\source\repos\motomoto-cpp\motomoto-cpp\meme.h(29): warning C4566: character represented by universal-character-name '\u203D' cannot be represented in the current code page (1252)
C:\Users\admin\source\repos\motomoto-cpp\motomoto-cpp\meme.h(30): warning C4566: character represented by universal-character-name '\uFF62' cannot be represented in the current code page (1252)
C:\Users\admin\source\repos\motomoto-cpp\motomoto-cpp\meme.h(30): warning C4566: character represented by universal-character-name '\u0E51' cannot be represented in the current code page (1252)
C:\Users\admin\source\repos\motomoto-cpp\motomoto-cpp\meme.h(30): warning C4566: character represented by universal-character-name '\u2083' cannot be represented in the current code page (1252)
C:\Users\admin\source\repos\motomoto-cpp\motomoto-cpp\meme.h(30): warning C4566: character represented by universal-character-name '\u02B7' cannot be represented in the current code page (1252)
C:\Users\admin\source\repos\motomoto-cpp\motomoto-cpp\meme.h(30): warning C4566: character represented by universal-character-name '\u02B1' cannot be represented in the current code page (1252)
C:\Users\admin\source\repos\motomoto-cpp\motomoto-cpp\meme.h(30): warning C4566: character represented by universal-character-name '\u02B8' cannot be represented in the current code page (1252)
C:\Users\admin\source\repos\motomoto-cpp\motomoto-cpp\meme.h(30): warning C4566: character represented by universal-character-name '\u25D5' cannot be represented in the current code page (1252)
C:\Users\admin\source\repos\motomoto-cpp\motomoto-cpp\meme.h(30): warning C4566: character represented by universal-character-name '\u203F' cannot be represented in the current code page (1252)
C:\Users\admin\source\repos\motomoto-cpp\motomoto-cpp\meme.h(30): warning C4566: character represented by universal-character-name '\u21BC' cannot be represented in the current code page (1252)
C:\Users\admin\source\repos\motomoto-cpp\motomoto-cpp\meme.h(30): warning C4566: character represented by universal-character-name '\u0361' cannot be represented in the current code page (1252)
C:\Users\admin\source\repos\motomoto-cpp\motomoto-cpp\meme.h(30): warning C4566: character represented by universal-character-name '\u035C' cannot be represented in the current code page (1252)
C:\Users\admin\source\repos\motomoto-cpp\motomoto-cpp\meme.h(30): warning C4566: character represented by universal-character-name '\u0296' cannot be represented in the current code page (1252)
  meme.cpp
C:\Users\admin\source\repos\motomoto-cpp\motomoto-cpp\meme.h(22): warning C4566: character represented by universal-character-name '\u0361' cannot be represented in the current code page (1252)
C:\Users\admin\source\repos\motomoto-cpp\motomoto-cpp\meme.h(22): warning C4566: character represented by universal-character-name '\u035C' cannot be represented in the current code page (1252)
C:\Users\admin\source\repos\motomoto-cpp\motomoto-cpp\meme.h(22): warning C4566: character represented by universal-character-name '\u0296' cannot be represented in the current code page (1252)
C:\Users\admin\source\repos\motomoto-cpp\motomoto-cpp\meme.h(22): warning C4566: character represented by universal-character-name '\u256D' cannot be represented in the current code page (1252)
C:\Users\admin\source\repos\motomoto-cpp\motomoto-cpp\meme.h(22): warning C4566: character represented by universal-character-name '\u2229' cannot be represented in the current code page (1252)
C:\Users\admin\source\repos\motomoto-cpp\motomoto-cpp\meme.h(22): warning C4566: character represented by universal-character-name '\u256E' cannot be represented in the current code page (1252)
C:\Users\admin\source\repos\motomoto-cpp\motomoto-cpp\meme.h(22): warning C4566: character represented by universal-character-name '\u0505' cannot be represented in the current code page (1252)
C:\Users\admin\source\repos\motomoto-cpp\motomoto-cpp\meme.h(22): warning C4566: character represented by universal-character-name '\u2256' cannot be represented in the current code page (1252)
C:\Users\admin\source\repos\motomoto-cpp\motomoto-cpp\meme.h(22): warning C4566: character represented by universal-character-name '\u2323' cannot be represented in the current code page (1252)
C:\Users\admin\source\repos\motomoto-cpp\motomoto-cpp\meme.h(22): warning C4566: character represented by universal-character-name '\u203F' cannot be represented in the current code page (1252)
C:\Users\admin\source\repos\motomoto-cpp\motomoto-cpp\meme.h(22): warning C4566: character represented by universal-character-name '\u0301' cannot be represented in the current code page (1252)
C:\Users\admin\source\repos\motomoto-cpp\motomoto-cpp\meme.h(22): warning C4566: character represented by universal-character-name '\u03B5' cannot be represented in the current code page (1252)
C:\Users\admin\source\repos\motomoto-cpp\motomoto-cpp\meme.h(22): warning C4566: character represented by universal-character-name '\u0300' cannot be represented in the current code page (1252)
C:\Users\admin\source\repos\motomoto-cpp\motomoto-cpp\meme.h(22): warning C4566: character represented by universal-character-name '\u0665' cannot be represented in the current code page (1252)
C:\Users\admin\source\repos\motomoto-cpp\motomoto-cpp\meme.h(22): warning C4566: character represented by universal-character-name '\u0360' cannot be represented in the current code page (1252)
C:\Users\admin\source\repos\motomoto-cpp\motomoto-cpp\meme.h(22): warning C4566: character represented by universal-character-name '\uFF40' cannot be represented in the current code page (1252)
C:\Users\admin\source\repos\motomoto-cpp\motomoto-cpp\meme.h(22): warning C4566: character represented by universal-character-name '\u25CF' cannot be represented in the current code page (1252)
C:\Users\admin\source\repos\motomoto-cpp\motomoto-cpp\meme.h(22): warning C4566: character represented by universal-character-name '\u3145' cannot be represented in the current code page (1252)
C:\Users\admin\source\repos\motomoto-cpp\motomoto-cpp\meme.h(23): warning C4566: character represented by universal-character-name '\u1564' cannot be represented in the current code page (1252)
C:\Users\admin\source\repos\motomoto-cpp\motomoto-cpp\meme.h(23): warning C4566: character represented by universal-character-name '\u0361' cannot be represented in the current code page (1252)
C:\Users\admin\source\repos\motomoto-cpp\motomoto-cpp\meme.h(23): warning C4566: character represented by universal-character-name '\u035C' cannot be represented in the current code page (1252)
C:\Users\admin\source\repos\motomoto-cpp\motomoto-cpp\meme.h(23): warning C4566: character represented by universal-character-name '\u0296' cannot be represented in the current code page (1252)
C:\Users\admin\source\repos\motomoto-cpp\motomoto-cpp\meme.h(23): warning C4566: character represented by universal-character-name '\u0360' cannot be represented in the current code page (1252)
C:\Users\admin\source\repos\motomoto-cpp\motomoto-cpp\meme.h(23): warning C4566: character represented by universal-character-name '\u035F' cannot be represented in the current code page (1252)
C:\Users\admin\source\repos\motomoto-cpp\motomoto-cpp\meme.h(23): warning C4566: character represented by universal-character-name '\u1D54' cannot be represented in the current code page (1252)
C:\Users\admin\source\repos\motomoto-cpp\motomoto-cpp\meme.h(23): warning C4566: character represented by universal-character-name '\u256F' cannot be represented in the current code page (1252)
C:\Users\admin\source\repos\motomoto-cpp\motomoto-cpp\meme.h(23): warning C4566: character represented by universal-character-name '\u253B' cannot be represented in the current code page (1252)
C:\Users\admin\source\repos\motomoto-cpp\motomoto-cpp\meme.h(23): warning C4566: character represented by universal-character-name '\u2501' cannot be represented in the current code page (1252)
C:\Users\admin\source\repos\motomoto-cpp\motomoto-cpp\meme.h(23): warning C4566: character represented by universal-character-name '\uFF61' cannot be represented in the current code page (1252)
C:\Users\admin\source\repos\motomoto-cpp\motomoto-cpp\meme.h(23): warning C4566: character represented by universal-character-name '\uFF9F' cannot be represented in the current code page (1252)
C:\Users\admin\source\repos\motomoto-cpp\motomoto-cpp\meme.h(23): warning C4566: character represented by universal-character-name '\u3063' cannot be represented in the current code page (1252)
C:\Users\admin\source\repos\motomoto-cpp\motomoto-cpp\meme.h(23): warning C4566: character represented by universal-character-name '\u141B' cannot be represented in the current code page (1252)
C:\Users\admin\source\repos\motomoto-cpp\motomoto-cpp\meme.h(23): warning C4566: character represented by universal-character-name '\u2702' cannot be represented in the current code page (1252)
C:\Users\admin\source\repos\motomoto-cpp\motomoto-cpp\meme.h(23): warning C4566: character represented by universal-character-name '\u2570' cannot be represented in the current code page (1252)
C:\Users\admin\source\repos\motomoto-cpp\motomoto-cpp\meme.h(23): warning C4566: character represented by universal-character-name '\u22C3' cannot be represented in the current code page (1252)
C:\Users\admin\source\repos\motomoto-cpp\motomoto-cpp\meme.h(23): warning C4566: character represented by universal-character-name '\u0298' cannot be represented in the current code page (1252)
C:\Users\admin\source\repos\motomoto-cpp\motomoto-cpp\meme.h(24): warning C4566: character represented by universal-character-name '\u0361' cannot be represented in the current code page (1252)
C:\Users\admin\source\repos\motomoto-cpp\motomoto-cpp\meme.h(24): warning C4566: character represented by universal-character-name '\u035C' cannot be represented in the current code page (1252)
C:\Users\admin\source\repos\motomoto-cpp\motomoto-cpp\meme.h(24): warning C4566: character represented by universal-character-name '\u0296' cannot be represented in the current code page (1252)
C:\Users\admin\source\repos\motomoto-cpp\motomoto-cpp\meme.h(24): warning C4566: character represented by universal-character-name '\u0CA0' cannot be represented in the current code page (1252)
C:\Users\admin\source\repos\motomoto-cpp\motomoto-cpp\meme.h(24): warning C4566: character represented by universal-character-name '\u0E07' cannot be represented in the current code page (1252)
C:\Users\admin\source\repos\motomoto-cpp\motomoto-cpp\meme.h(24): warning C4566: character represented by universal-character-name '\u0298' cannot be represented in the current code page (1252)
C:\Users\admin\source\repos\motomoto-cpp\motomoto-cpp\meme.h(24): warning C4566: character represented by universal-character-name '\u0360' cannot be represented in the current code page (1252)
C:\Users\admin\source\repos\motomoto-cpp\motomoto-cpp\meme.h(24): warning C4566: character represented by universal-character-name '\u035F' cannot be represented in the current code page (1252)
C:\Users\admin\source\repos\motomoto-cpp\motomoto-cpp\meme.h(24): warning C4566: character represented by universal-character-name '\u0644' cannot be represented in the current code page (1252)
C:\Users\admin\source\repos\motomoto-cpp\motomoto-cpp\meme.h(24): warning C4566: character represented by universal-character-name '\u2256' cannot be represented in the current code page (1252)
C:\Users\admin\source\repos\motomoto-cpp\motomoto-cpp\meme.h(24): warning C4566: character represented by universal-character-name '\u032F' cannot be represented in the current code page (1252)
C:\Users\admin\source\repos\motomoto-cpp\motomoto-cpp\meme.h(24): warning C4566: character represented by universal-character-name '\u1D17' cannot be represented in the current code page (1252)
C:\Users\admin\source\repos\motomoto-cpp\motomoto-cpp\meme.h(24): warning C4566: character represented by universal-character-name '\u25BC' cannot be represented in the current code page (1252)
C:\Users\admin\source\repos\motomoto-cpp\motomoto-cpp\meme.h(24): warning C4566: character represented by universal-character-name '\u76CA' cannot be represented in the current code page (1252)
C:\Users\admin\source\repos\motomoto-cpp\motomoto-cpp\meme.h(24): warning C4566: character represented by universal-character-name '\u256D' cannot be represented in the current code page (1252)
C:\Users\admin\source\repos\motomoto-cpp\motomoto-cpp\meme.h(24): warning C4566: character represented by universal-character-name '\u256E' cannot be represented in the current code page (1252)
C:\Users\admin\source\repos\motomoto-cpp\motomoto-cpp\meme.h(25): warning C4566: character represented by universal-character-name '\uFF40' cannot be represented in the current code page (1252)
C:\Users\admin\source\repos\motomoto-cpp\motomoto-cpp\meme.h(25): warning C4566: character represented by universal-character-name '\u2200' cannot be represented in the current code page (1252)
C:\Users\admin\source\repos\motomoto-cpp\motomoto-cpp\meme.h(25): warning C4566: character represented by universal-character-name '\u03A8' cannot be represented in the current code page (1252)
C:\Users\admin\source\repos\motomoto-cpp\motomoto-cpp\meme.h(25): warning C4129: '_': unrecognized character escape sequence
C:\Users\admin\source\repos\motomoto-cpp\motomoto-cpp\meme.h(25): warning C4566: character represented by universal-character-name '\u0361' cannot be represented in the current code page (1252)
C:\Users\admin\source\repos\motomoto-cpp\motomoto-cpp\meme.h(25): warning C4566: character represented by universal-character-name '\u035C' cannot be represented in the current code page (1252)
C:\Users\admin\source\repos\motomoto-cpp\motomoto-cpp\meme.h(25): warning C4566: character represented by universal-character-name '\u0296' cannot be represented in the current code page (1252)
C:\Users\admin\source\repos\motomoto-cpp\motomoto-cpp\meme.h(25): warning C4566: character represented by universal-character-name '\u30C4' cannot be represented in the current code page (1252)
C:\Users\admin\source\repos\motomoto-cpp\motomoto-cpp\meme.h(25): warning C4566: character represented by universal-character-name '\u2727' cannot be represented in the current code page (1252)
C:\Users\admin\source\repos\motomoto-cpp\motomoto-cpp\meme.h(25): warning C4566: character represented by universal-character-name '\u2256' cannot be represented in the current code page (1252)
C:\Users\admin\source\repos\motomoto-cpp\motomoto-cpp\meme.h(25): warning C4566: character represented by universal-character-name '\u273F' cannot be represented in the current code page (1252)
C:\Users\admin\source\repos\motomoto-cpp\motomoto-cpp\meme.h(25): warning C4566: character represented by universal-character-name '\u2766' cannot be represented in the current code page (1252)
C:\Users\admin\source\repos\motomoto-cpp\motomoto-cpp\meme.h(25): warning C4566: character represented by universal-character-name '\u3064' cannot be represented in the current code page (1252)
C:\Users\admin\source\repos\motomoto-cpp\motomoto-cpp\meme.h(25): warning C4566: character represented by universal-character-name '\u261E' cannot be represented in the current code page (1252)
C:\Users\admin\source\repos\motomoto-cpp\motomoto-cpp\meme.h(26): warning C4566: character represented by universal-character-name '\u1566' cannot be represented in the current code page (1252)
C:\Users\admin\source\repos\motomoto-cpp\motomoto-cpp\meme.h(26): warning C4566: character represented by universal-character-name '\u0361' cannot be represented in the current code page (1252)
C:\Users\admin\source\repos\motomoto-cpp\motomoto-cpp\meme.h(26): warning C4566: character represented by universal-character-name '\u035C' cannot be represented in the current code page (1252)
C:\Users\admin\source\repos\motomoto-cpp\motomoto-cpp\meme.h(26): warning C4566: character represented by universal-character-name '\u0296' cannot be represented in the current code page (1252)
C:\Users\admin\source\repos\motomoto-cpp\motomoto-cpp\meme.h(26): warning C4566: character represented by universal-character-name '\u1564' cannot be represented in the current code page (1252)
C:\Users\admin\source\repos\motomoto-cpp\motomoto-cpp\meme.h(26): warning C4566: character represented by universal-character-name '\u0669' cannot be represented in the current code page (1252)
C:\Users\admin\source\repos\motomoto-cpp\motomoto-cpp\meme.h(26): warning C4566: character represented by universal-character-name '\u1D17' cannot be represented in the current code page (1252)
C:\Users\admin\source\repos\motomoto-cpp\motomoto-cpp\meme.h(26): warning C4566: character represented by universal-character-name '\u06F6' cannot be represented in the current code page (1252)
C:\Users\admin\source\repos\motomoto-cpp\motomoto-cpp\meme.h(26): warning C4566: character represented by universal-character-name '\u1555' cannot be represented in the current code page (1252)
C:\Users\admin\source\repos\motomoto-cpp\motomoto-cpp\meme.h(26): warning C4566: character represented by universal-character-name '\u1557' cannot be represented in the current code page (1252)
C:\Users\admin\source\repos\motomoto-cpp\motomoto-cpp\meme.h(26): warning C4566: character represented by universal-character-name '\u261D' cannot be represented in the current code page (1252)
C:\Users\admin\source\repos\motomoto-cpp\motomoto-cpp\meme.h(26): warning C4566: character represented by universal-character-name '\u25DE' cannot be represented in the current code page (1252)
C:\Users\admin\source\repos\motomoto-cpp\motomoto-cpp\meme.h(26): warning C4566: character represented by universal-character-name '\u2038' cannot be represented in the current code page (1252)
C:\Users\admin\source\repos\motomoto-cpp\motomoto-cpp\meme.h(26): warning C4566: character represented by universal-character-name '\u25DF' cannot be represented in the current code page (1252)
C:\Users\admin\source\repos\motomoto-cpp\motomoto-cpp\meme.h(26): warning C4566: character represented by universal-character-name '\u261E' cannot be represented in the current code page (1252)
C:\Users\admin\source\repos\motomoto-cpp\motomoto-cpp\meme.h(26): warning C4566: character represented by universal-character-name '\u141B' cannot be represented in the current code page (1252)
C:\Users\admin\source\repos\motomoto-cpp\motomoto-cpp\meme.h(26): warning C4566: character represented by universal-character-name '\u0F40' cannot be represented in the current code page (1252)
C:\Users\admin\source\repos\motomoto-cpp\motomoto-cpp\meme.h(26): warning C4566: character represented by universal-character-name '\u032F' cannot be represented in the current code page (1252)
C:\Users\admin\source\repos\motomoto-cpp\motomoto-cpp\meme.h(26): warning C4566: character represented by universal-character-name '\u1559' cannot be represented in the current code page (1252)
C:\Users\admin\source\repos\motomoto-cpp\motomoto-cpp\meme.h(26): warning C4566: character represented by universal-character-name '\u2580' cannot be represented in the current code page (1252)
C:\Users\admin\source\repos\motomoto-cpp\motomoto-cpp\meme.h(26): warning C4566: character represented by universal-character-name '\u033F' cannot be represented in the current code page (1252)
C:\Users\admin\source\repos\motomoto-cpp\motomoto-cpp\meme.h(26): warning C4566: character represented by universal-character-name '\u0139' cannot be represented in the current code page (1252)
C:\Users\admin\source\repos\motomoto-cpp\motomoto-cpp\meme.h(26): warning C4566: character represented by universal-character-name '\u10DA' cannot be represented in the current code page (1252)
C:\Users\admin\source\repos\motomoto-cpp\motomoto-cpp\meme.h(26): warning C4566: character represented by universal-character-name '\u06A1' cannot be represented in the current code page (1252)
C:\Users\admin\source\repos\motomoto-cpp\motomoto-cpp\meme.h(27): warning C4566: character represented by universal-character-name '\u256C' cannot be represented in the current code page (1252)
C:\Users\admin\source\repos\motomoto-cpp\motomoto-cpp\meme.h(27): warning C4566: character represented by universal-character-name '\u0CA0' cannot be represented in the current code page (1252)
C:\Users\admin\source\repos\motomoto-cpp\motomoto-cpp\meme.h(27): warning C4566: character represented by universal-character-name '\u76CA' cannot be represented in the current code page (1252)
C:\Users\admin\source\repos\motomoto-cpp\motomoto-cpp\meme.h(27): warning C4566: character represented by universal-character-name '\uFE4F' cannot be represented in the current code page (1252)
C:\Users\admin\source\repos\motomoto-cpp\motomoto-cpp\meme.h(27): warning C4566: character represented by universal-character-name '\uFF61' cannot be represented in the current code page (1252)
C:\Users\admin\source\repos\motomoto-cpp\motomoto-cpp\meme.h(27): warning C4566: character represented by universal-character-name '\uFF65' cannot be represented in the current code page (1252)
C:\Users\admin\source\repos\motomoto-cpp\motomoto-cpp\meme.h(27): warning C4566: character represented by universal-character-name '\u51F8' cannot be represented in the current code page (1252)
C:\Users\admin\source\repos\motomoto-cpp\motomoto-cpp\meme.h(27): warning C4566: character represented by universal-character-name '\u0300' cannot be represented in the current code page (1252)
C:\Users\admin\source\repos\motomoto-cpp\motomoto-cpp\meme.h(27): warning C4566: character represented by universal-character-name '\u0301' cannot be represented in the current code page (1252)
C:\Users\admin\source\repos\motomoto-cpp\motomoto-cpp\meme.h(27): warning C4566: character represented by universal-character-name '\u203E' cannot be represented in the current code page (1252)
C:\Users\admin\source\repos\motomoto-cpp\motomoto-cpp\meme.h(27): warning C4566: character represented by universal-character-name '\u0296' cannot be represented in the current code page (1252)
C:\Users\admin\source\repos\motomoto-cpp\motomoto-cpp\meme.h(27): warning C4566: character represented by universal-character-name '\u032B' cannot be represented in the current code page (1252)
C:\Users\admin\source\repos\motomoto-cpp\motomoto-cpp\meme.h(27): warning C4566: character represented by universal-character-name '\u270C' cannot be represented in the current code page (1252)
C:\Users\admin\source\repos\motomoto-cpp\motomoto-cpp\meme.h(27): warning C4566: character represented by universal-character-name '\u0361' cannot be represented in the current code page (1252)
C:\Users\admin\source\repos\motomoto-cpp\motomoto-cpp\meme.h(27): warning C4566: character represented by universal-character-name '\u02D8' cannot be represented in the current code page (1252)
C:\Users\admin\source\repos\motomoto-cpp\motomoto-cpp\meme.h(27): warning C4566: character represented by universal-character-name '\u203F' cannot be represented in the current code page (1252)
C:\Users\admin\source\repos\motomoto-cpp\motomoto-cpp\meme.h(27): warning C4566: character represented by universal-character-name '\u0360' cannot be represented in the current code page (1252)
C:\Users\admin\source\repos\motomoto-cpp\motomoto-cpp\meme.h(27): warning C4566: character represented by universal-character-name '\u2256' cannot be represented in the current code page (1252)
C:\Users\admin\source\repos\motomoto-cpp\motomoto-cpp\meme.h(27): warning C4566: character represented by universal-character-name '\u035C' cannot be represented in the current code page (1252)
C:\Users\admin\source\repos\motomoto-cpp\motomoto-cpp\meme.h(27): warning C4566: character represented by universal-character-name '\u032F' cannot be represented in the current code page (1252)
C:\Users\admin\source\repos\motomoto-cpp\motomoto-cpp\meme.h(28): warning C4566: character represented by universal-character-name '\u0295' cannot be represented in the current code page (1252)
C:\Users\admin\source\repos\motomoto-cpp\motomoto-cpp\meme.h(28): warning C4566: character represented by universal-character-name '\u0361' cannot be represented in the current code page (1252)
C:\Users\admin\source\repos\motomoto-cpp\motomoto-cpp\meme.h(28): warning C4566: character represented by universal-character-name '\u0296' cannot be represented in the current code page (1252)
C:\Users\admin\source\repos\motomoto-cpp\motomoto-cpp\meme.h(28): warning C4566: character represented by universal-character-name '\u032F' cannot be represented in the current code page (1252)
C:\Users\admin\source\repos\motomoto-cpp\motomoto-cpp\meme.h(28): warning C4566: character represented by universal-character-name '\u0294' cannot be represented in the current code page (1252)
C:\Users\admin\source\repos\motomoto-cpp\motomoto-cpp\meme.h(28): warning C4566: character represented by universal-character-name '\u250C' cannot be represented in the current code page (1252)
C:\Users\admin\source\repos\motomoto-cpp\motomoto-cpp\meme.h(28): warning C4566: character represented by universal-character-name '\u041F' cannot be represented in the current code page (1252)
C:\Users\admin\source\repos\motomoto-cpp\motomoto-cpp\meme.h(28): warning C4566: character represented by universal-character-name '\u2510' cannot be represented in the current code page (1252)
C:\Users\admin\source\repos\motomoto-cpp\motomoto-cpp\meme.h(28): warning C4566: character represented by universal-character-name '\u25BA' cannot be represented in the current code page (1252)
C:\Users\admin\source\repos\motomoto-cpp\motomoto-cpp\meme.h(28): warning C4566: character represented by universal-character-name '\u02DB' cannot be represented in the current code page (1252)
C:\Users\admin\source\repos\motomoto-cpp\motomoto-cpp\meme.h(28): warning C4566: character represented by universal-character-name '\u25C4' cannot be represented in the current code page (1252)
C:\Users\admin\source\repos\motomoto-cpp\motomoto-cpp\meme.h(28): warning C4566: character represented by universal-character-name '\u30FD' cannot be represented in the current code page (1252)
C:\Users\admin\source\repos\motomoto-cpp\motomoto-cpp\meme.h(28): warning C4566: character represented by universal-character-name '\uFF9F' cannot be represented in the current code page (1252)
C:\Users\admin\source\repos\motomoto-cpp\motomoto-cpp\meme.h(28): warning C4566: character represented by universal-character-name '\u0414' cannot be represented in the current code page (1252)
C:\Users\admin\source\repos\motomoto-cpp\motomoto-cpp\meme.h(28): warning C4566: character represented by universal-character-name '\uFF89' cannot be represented in the current code page (1252)
C:\Users\admin\source\repos\motomoto-cpp\motomoto-cpp\meme.h(28): warning C4566: character represented by universal-character-name '\u252C' cannot be represented in the current code page (1252)
C:\Users\admin\source\repos\motomoto-cpp\motomoto-cpp\meme.h(28): warning C4566: character represented by universal-character-name '\u2534' cannot be represented in the current code page (1252)
C:\Users\admin\source\repos\motomoto-cpp\motomoto-cpp\meme.h(28): warning C4566: character represented by universal-character-name '\u2524' cannot be represented in the current code page (1252)
C:\Users\admin\source\repos\motomoto-cpp\motomoto-cpp\meme.h(28): warning C4566: character represented by universal-character-name '\u2686' cannot be represented in the current code page (1252)
C:\Users\admin\source\repos\motomoto-cpp\motomoto-cpp\meme.h(28): warning C4566: character represented by universal-character-name '\u0644' cannot be represented in the current code page (1252)
C:\Users\admin\source\repos\motomoto-cpp\motomoto-cpp\meme.h(28): warning C4566: character represented by universal-character-name '\u035C' cannot be represented in the current code page (1252)
C:\Users\admin\source\repos\motomoto-cpp\motomoto-cpp\meme.h(28): warning C4566: character represented by universal-character-name '\u251C' cannot be represented in the current code page (1252)
C:\Users\admin\source\repos\motomoto-cpp\motomoto-cpp\meme.h(28): warning C4566: character represented by universal-character-name '\u0F40' cannot be represented in the current code page (1252)
C:\Users\admin\source\repos\motomoto-cpp\motomoto-cpp\meme.h(28): warning C4566: character represented by universal-character-name '\u0CA0' cannot be represented in the current code page (1252)
C:\Users\admin\source\repos\motomoto-cpp\motomoto-cpp\meme.h(28): warning C4566: character represented by universal-character-name '\u256D' cannot be represented in the current code page (1252)
C:\Users\admin\source\repos\motomoto-cpp\motomoto-cpp\meme.h(28): warning C4566: character represented by universal-character-name '\u256E' cannot be represented in the current code page (1252)
C:\Users\admin\source\repos\motomoto-cpp\motomoto-cpp\meme.h(28): warning C4566: character represented by universal-character-name '\u15D2' cannot be represented in the current code page (1252)
C:\Users\admin\source\repos\motomoto-cpp\motomoto-cpp\meme.h(28): warning C4566: character represented by universal-character-name '\u15E3' cannot be represented in the current code page (1252)
C:\Users\admin\source\repos\motomoto-cpp\motomoto-cpp\meme.h(28): warning C4566: character represented by universal-character-name '\u15D5' cannot be represented in the current code page (1252)
C:\Users\admin\source\repos\motomoto-cpp\motomoto-cpp\meme.h(28): warning C4566: character represented by universal-character-name '\u055E' cannot be represented in the current code page (1252)
C:\Users\admin\source\repos\motomoto-cpp\motomoto-cpp\meme.h(28): warning C4566: character represented by universal-character-name '\u0CA5' cannot be represented in the current code page (1252)
C:\Users\admin\source\repos\motomoto-cpp\motomoto-cpp\meme.h(28): warning C4566: character represented by universal-character-name '\u51F8' cannot be represented in the current code page (1252)
C:\Users\admin\source\repos\motomoto-cpp\motomoto-cpp\meme.h(28): warning C4566: character represented by universal-character-name '\u0F3C' cannot be represented in the current code page (1252)
C:\Users\admin\source\repos\motomoto-cpp\motomoto-cpp\meme.h(28): warning C4566: character represented by universal-character-name '\u0E88' cannot be represented in the current code page (1252)
C:\Users\admin\source\repos\motomoto-cpp\motomoto-cpp\meme.h(28): warning C4566: character represented by universal-character-name '\u0F3D' cannot be represented in the current code page (1252)
C:\Users\admin\source\repos\motomoto-cpp\motomoto-cpp\meme.h(29): warning C4566: character represented by universal-character-name '\u027F' cannot be represented in the current code page (1252)
C:\Users\admin\source\repos\motomoto-cpp\motomoto-cpp\meme.h(29): warning C4566: character represented by universal-character-name '\uFF61' cannot be represented in the current code page (1252)
C:\Users\admin\source\repos\motomoto-cpp\motomoto-cpp\meme.h(29): warning C4566: character represented by universal-character-name '\uFF65' cannot be represented in the current code page (1252)
C:\Users\admin\source\repos\motomoto-cpp\motomoto-cpp\meme.h(29): warning C4566: character represented by universal-character-name '\u025C' cannot be represented in the current code page (1252)
C:\Users\admin\source\repos\motomoto-cpp\motomoto-cpp\meme.h(29): warning C4566: character represented by universal-character-name '\u027E' cannot be represented in the current code page (1252)
C:\Users\admin\source\repos\motomoto-cpp\motomoto-cpp\meme.h(29): warning C4566: character represented by universal-character-name '\u24CC' cannot be represented in the current code page (1252)
C:\Users\admin\source\repos\motomoto-cpp\motomoto-cpp\meme.h(29): warning C4566: character represented by universal-character-name '\u24D7' cannot be represented in the current code page (1252)
C:\Users\admin\source\repos\motomoto-cpp\motomoto-cpp\meme.h(29): warning C4566: character represented by universal-character-name '\u24E8' cannot be represented in the current code page (1252)
C:\Users\admin\source\repos\motomoto-cpp\motomoto-cpp\meme.h(29): warning C4566: character represented by universal-character-name '\u24D0' cannot be represented in the current code page (1252)
C:\Users\admin\source\repos\motomoto-cpp\motomoto-cpp\meme.h(29): warning C4566: character represented by universal-character-name '\u24E3' cannot be represented in the current code page (1252)
C:\Users\admin\source\repos\motomoto-cpp\motomoto-cpp\meme.h(29): warning C4566: character represented by universal-character-name '\uFF1F' cannot be represented in the current code page (1252)
C:\Users\admin\source\repos\motomoto-cpp\motomoto-cpp\meme.h(29): warning C4566: character represented by universal-character-name '\u0449' cannot be represented in the current code page (1252)
C:\Users\admin\source\repos\motomoto-cpp\motomoto-cpp\meme.h(29): warning C4566: character represented by universal-character-name '\uFF08' cannot be represented in the current code page (1252)
C:\Users\admin\source\repos\motomoto-cpp\motomoto-cpp\meme.h(29): warning C4566: character represented by universal-character-name '\uFF9F' cannot be represented in the current code page (1252)
C:\Users\admin\source\repos\motomoto-cpp\motomoto-cpp\meme.h(29): warning C4566: character represented by universal-character-name '\u0414' cannot be represented in the current code page (1252)
C:\Users\admin\source\repos\motomoto-cpp\motomoto-cpp\meme.h(29): warning C4566: character represented by universal-character-name '\uFF09' cannot be represented in the current code page (1252)
C:\Users\admin\source\repos\motomoto-cpp\motomoto-cpp\meme.h(29): warning C4566: character represented by universal-character-name '\u203D' cannot be represented in the current code page (1252)
C:\Users\admin\source\repos\motomoto-cpp\motomoto-cpp\meme.h(30): warning C4566: character represented by universal-character-name '\uFF62' cannot be represented in the current code page (1252)
C:\Users\admin\source\repos\motomoto-cpp\motomoto-cpp\meme.h(30): warning C4566: character represented by universal-character-name '\u0E51' cannot be represented in the current code page (1252)
C:\Users\admin\source\repos\motomoto-cpp\motomoto-cpp\meme.h(30): warning C4566: character represented by universal-character-name '\u2083' cannot be represented in the current code page (1252)
C:\Users\admin\source\repos\motomoto-cpp\motomoto-cpp\meme.h(30): warning C4566: character represented by universal-character-name '\u02B7' cannot be represented in the current code page (1252)
C:\Users\admin\source\repos\motomoto-cpp\motomoto-cpp\meme.h(30): warning C4566: character represented by universal-character-name '\u02B1' cannot be represented in the current code page (1252)
C:\Users\admin\source\repos\motomoto-cpp\motomoto-cpp\meme.h(30): warning C4566: character represented by universal-character-name '\u02B8' cannot be represented in the current code page (1252)
C:\Users\admin\source\repos\motomoto-cpp\motomoto-cpp\meme.h(30): warning C4566: character represented by universal-character-name '\u25D5' cannot be represented in the current code page (1252)
C:\Users\admin\source\repos\motomoto-cpp\motomoto-cpp\meme.h(30): warning C4566: character represented by universal-character-name '\u203F' cannot be represented in the current code page (1252)
C:\Users\admin\source\repos\motomoto-cpp\motomoto-cpp\meme.h(30): warning C4566: character represented by universal-character-name '\u21BC' cannot be represented in the current code page (1252)
C:\Users\admin\source\repos\motomoto-cpp\motomoto-cpp\meme.h(30): warning C4566: character represented by universal-character-name '\u0361' cannot be represented in the current code page (1252)
C:\Users\admin\source\repos\motomoto-cpp\motomoto-cpp\meme.h(30): warning C4566: character represented by universal-character-name '\u035C' cannot be represented in the current code page (1252)
C:\Users\admin\source\repos\motomoto-cpp\motomoto-cpp\meme.h(30): warning C4566: character represented by universal-character-name '\u0296' cannot be represented in the current code page (1252)
C:\Users\admin\source\repos\motomoto-cpp\motomoto-cpp\meme.cpp(12): warning C4244: 'argument': conversion from 'time_t' to 'unsigned int', possible loss of data
C:\Users\admin\source\repos\motomoto-cpp\motomoto-cpp\meme.cpp(36): warning C4244: 'argument': conversion from 'time_t' to 'unsigned int', possible loss of data
  Generating Code...
  motomoto-cpp.vcxproj -> C:\Users\admin\source\repos\motomoto-cpp\Debug\motomoto-cpp.exe
